Train 0, loss: 5.667005, train acc class: 0.000000, train avg acc class: 0.000000, train acc class: 0.270833, train avg acc class: 0.270833
Train 0, loss: 5.463939, train acc class: 0.020833, train avg acc class: 0.013889, train acc anomaly: 0.333333, train avg acc anomaly: 0.333333
Train 0, loss: 5.327849, train acc class: 0.000000, train avg acc class: 0.000000, train acc anomaly: 0.375000, train avg acc anomaly: 0.375000
Test 0, loss: 3.646592, test acc class: 0.070560, test avg acc class: 0.111111, test acc anomaly: 0.437956, test avg acc anomaly: 0.125000
Train 0, loss: 5.362411, train acc class: 0.020833, train avg acc class: 0.027778, train acc anomaly: 0.354167, train avg acc anomaly: 0.354167
Test 0, loss: 3.626405, test acc class: 0.048662, test avg acc class: 0.067340, test acc anomaly: 0.437956, test avg acc anomaly: 0.125000
Train 0, loss: 5.457238, train acc class: 0.020833, train avg acc class: 0.013889, train acc anomaly: 0.354167, train avg acc anomaly: 0.354167
Test 0, loss: 3.650078, test acc class: 0.000000, test avg acc class: 0.000000, test acc anomaly: 0.437956, test avg acc anomaly: 0.125000
Train 1, loss: 4.260631, train acc class: 0.062500, train avg acc class: 0.041667, train acc anomaly: 0.958333, train avg acc anomaly: 0.958333
Test 1, loss: 3.561502, test acc class: 0.182482, test avg acc class: 0.111111, test acc anomaly: 0.437956, test avg acc anomaly: 0.125000
Train 0, loss: 3.908371, train acc class: 0.295000, train avg acc class: 0.238214, train acc anomaly: 0.357500, train avg acc anomaly: 0.121344
Train 1, loss: 3.871251, train acc class: 0.327500, train avg acc class: 0.236622, train acc anomaly: 0.352500, train avg acc anomaly: 0.119908
Train 0, loss: 3.989704, train acc class: 0.270000, train avg acc class: 0.192618, train acc anomaly: 0.315000, train avg acc anomaly: 0.123959
Train 1, loss: 3.815847, train acc class: 0.347500, train avg acc class: 0.253724, train acc anomaly: 0.342500, train avg acc anomaly: 0.111629
Train 0, loss: 3.896606, train acc class: 0.332500, train avg acc class: 0.231611, train acc anomaly: 0.330000, train avg acc anomaly: 0.107436
Train 1, loss: 3.776394, train acc class: 0.370000, train avg acc class: 0.295134, train acc anomaly: 0.365000, train avg acc anomaly: 0.119777
Train 2, loss: 3.808568, train acc class: 0.422500, train avg acc class: 0.333067, train acc anomaly: 0.315000, train avg acc anomaly: 0.106470
Train 3, loss: 3.615877, train acc class: 0.457500, train avg acc class: 0.361012, train acc anomaly: 0.350000, train avg acc anomaly: 0.116689
Train 4, loss: 3.444565, train acc class: 0.487500, train avg acc class: 0.402886, train acc anomaly: 0.367500, train avg acc anomaly: 0.118885
Train 5, loss: 3.335663, train acc class: 0.527500, train avg acc class: 0.440535, train acc anomaly: 0.380000, train avg acc anomaly: 0.124036
Train 6, loss: 3.415633, train acc class: 0.530000, train avg acc class: 0.417118, train acc anomaly: 0.375000, train avg acc anomaly: 0.117820
Train 7, loss: 3.386284, train acc class: 0.540000, train avg acc class: 0.439939, train acc anomaly: 0.370000, train avg acc anomaly: 0.127828
Train 8, loss: 3.274099, train acc class: 0.550000, train avg acc class: 0.448002, train acc anomaly: 0.415000, train avg acc anomaly: 0.141639
Train 9, loss: 3.279263, train acc class: 0.562500, train avg acc class: 0.453577, train acc anomaly: 0.387500, train avg acc anomaly: 0.123283
Train 10, loss: 3.288855, train acc class: 0.527500, train avg acc class: 0.431847, train acc anomaly: 0.382500, train avg acc anomaly: 0.117201
Train 11, loss: 3.243210, train acc class: 0.610000, train avg acc class: 0.502469, train acc anomaly: 0.385000, train avg acc anomaly: 0.120566
Train 12, loss: 3.316751, train acc class: 0.520000, train avg acc class: 0.415015, train acc anomaly: 0.375000, train avg acc anomaly: 0.120563
Train 0, loss: 3.938865, train acc class: 0.305000, train avg acc class: 0.216584, train acc anomaly: 0.362500, train avg acc anomaly: 0.137760
Train 1, loss: 3.634227, train acc class: 0.392500, train avg acc class: 0.288476, train acc anomaly: 0.367500, train avg acc anomaly: 0.125294
Train 2, loss: 3.610380, train acc class: 0.422500, train avg acc class: 0.307674, train acc anomaly: 0.395000, train avg acc anomaly: 0.133317
Train 3, loss: 3.627959, train acc class: 0.387500, train avg acc class: 0.289730, train acc anomaly: 0.367500, train avg acc anomaly: 0.128518
Train 4, loss: 3.463920, train acc class: 0.460000, train avg acc class: 0.339063, train acc anomaly: 0.390000, train avg acc anomaly: 0.124105
Train 5, loss: 3.469098, train acc class: 0.492500, train avg acc class: 0.376053, train acc anomaly: 0.347500, train avg acc anomaly: 0.128985
Train 6, loss: 3.437183, train acc class: 0.497500, train avg acc class: 0.385710, train acc anomaly: 0.377500, train avg acc anomaly: 0.121132
Train 7, loss: 3.528702, train acc class: 0.482500, train avg acc class: 0.406907, train acc anomaly: 0.377500, train avg acc anomaly: 0.130773
Train 8, loss: 3.338829, train acc class: 0.562500, train avg acc class: 0.472758, train acc anomaly: 0.422500, train avg acc anomaly: 0.135296
Train 9, loss: 3.500844, train acc class: 0.505000, train avg acc class: 0.397122, train acc anomaly: 0.315000, train avg acc anomaly: 0.109283
Train 10, loss: 3.452620, train acc class: 0.467500, train avg acc class: 0.366532, train acc anomaly: 0.375000, train avg acc anomaly: 0.127945
Train 11, loss: 3.367021, train acc class: 0.547500, train avg acc class: 0.435684, train acc anomaly: 0.382500, train avg acc anomaly: 0.119670
Train 12, loss: 3.377304, train acc class: 0.530000, train avg acc class: 0.434878, train acc anomaly: 0.360000, train avg acc anomaly: 0.135547
Train 13, loss: 3.283281, train acc class: 0.582500, train avg acc class: 0.473417, train acc anomaly: 0.380000, train avg acc anomaly: 0.116096
Train 14, loss: 3.362225, train acc class: 0.590000, train avg acc class: 0.516970, train acc anomaly: 0.352500, train avg acc anomaly: 0.109243
Train 15, loss: 3.194837, train acc class: 0.615000, train avg acc class: 0.506629, train acc anomaly: 0.405000, train avg acc anomaly: 0.128285
Train 16, loss: 3.361588, train acc class: 0.582500, train avg acc class: 0.488735, train acc anomaly: 0.397500, train avg acc anomaly: 0.134417
Train 17, loss: 3.486590, train acc class: 0.510000, train avg acc class: 0.417932, train acc anomaly: 0.375000, train avg acc anomaly: 0.121122
Train 18, loss: 3.347987, train acc class: 0.547500, train avg acc class: 0.456926, train acc anomaly: 0.380000, train avg acc anomaly: 0.122498
Train 19, loss: 3.398982, train acc class: 0.550000, train avg acc class: 0.451515, train acc anomaly: 0.382500, train avg acc anomaly: 0.128449
Train 20, loss: 3.228588, train acc class: 0.600000, train avg acc class: 0.505656, train acc anomaly: 0.367500, train avg acc anomaly: 0.139795
Train 21, loss: 3.313521, train acc class: 0.580000, train avg acc class: 0.484293, train acc anomaly: 0.382500, train avg acc anomaly: 0.125763
Train 22, loss: 3.298402, train acc class: 0.630000, train avg acc class: 0.560726, train acc anomaly: 0.395000, train avg acc anomaly: 0.120205
Train 23, loss: 3.248701, train acc class: 0.617500, train avg acc class: 0.543011, train acc anomaly: 0.372500, train avg acc anomaly: 0.119396
Train 24, loss: 3.299553, train acc class: 0.635000, train avg acc class: 0.548228, train acc anomaly: 0.350000, train avg acc anomaly: 0.125090
Train 25, loss: 3.168438, train acc class: 0.642500, train avg acc class: 0.561444, train acc anomaly: 0.415000, train avg acc anomaly: 0.141674
Train 26, loss: 3.185907, train acc class: 0.660000, train avg acc class: 0.573512, train acc anomaly: 0.332500, train avg acc anomaly: 0.108720
Train 27, loss: 3.210196, train acc class: 0.657500, train avg acc class: 0.581484, train acc anomaly: 0.415000, train avg acc anomaly: 0.131082
Train 28, loss: 3.137533, train acc class: 0.685000, train avg acc class: 0.608983, train acc anomaly: 0.392500, train avg acc anomaly: 0.127918
Train 29, loss: 3.154889, train acc class: 0.707500, train avg acc class: 0.635860, train acc anomaly: 0.337500, train avg acc anomaly: 0.117863
Train 0, loss: 4.335332, train acc class: 0.163281, train avg acc class: 0.098073, train acc anomaly: 0.368750, train avg acc anomaly: 0.115068
Train 1, loss: 3.883076, train acc class: 0.298438, train avg acc class: 0.171792, train acc anomaly: 0.431250, train avg acc anomaly: 0.127818
Train 2, loss: 3.794821, train acc class: 0.345313, train avg acc class: 0.214634, train acc anomaly: 0.420312, train avg acc anomaly: 0.128335
Train 3, loss: 3.616285, train acc class: 0.414844, train avg acc class: 0.299772, train acc anomaly: 0.425781, train avg acc anomaly: 0.133026
Train 4, loss: 3.420569, train acc class: 0.522656, train avg acc class: 0.378418, train acc anomaly: 0.445312, train avg acc anomaly: 0.127248
Train 5, loss: 3.341363, train acc class: 0.570312, train avg acc class: 0.434527, train acc anomaly: 0.429688, train avg acc anomaly: 0.126608
Train 6, loss: 3.212596, train acc class: 0.633594, train avg acc class: 0.497298, train acc anomaly: 0.432812, train avg acc anomaly: 0.123298
Train 7, loss: 3.058705, train acc class: 0.741406, train avg acc class: 0.624612, train acc anomaly: 0.439844, train avg acc anomaly: 0.130394
Train 8, loss: 3.053813, train acc class: 0.761719, train avg acc class: 0.667498, train acc anomaly: 0.429688, train avg acc anomaly: 0.130116
Train 9, loss: 3.016312, train acc class: 0.767969, train avg acc class: 0.676423, train acc anomaly: 0.421875, train avg acc anomaly: 0.122363
Train 10, loss: 2.914407, train acc class: 0.816406, train avg acc class: 0.733566, train acc anomaly: 0.418750, train avg acc anomaly: 0.122401
Train 11, loss: 2.891514, train acc class: 0.863281, train avg acc class: 0.776480, train acc anomaly: 0.416406, train avg acc anomaly: 0.119258
Train 12, loss: 2.863287, train acc class: 0.860156, train avg acc class: 0.777427, train acc anomaly: 0.434375, train avg acc anomaly: 0.125536
Train 13, loss: 2.773063, train acc class: 0.896875, train avg acc class: 0.863216, train acc anomaly: 0.429688, train avg acc anomaly: 0.128165
Train 14, loss: 2.786202, train acc class: 0.898438, train avg acc class: 0.846459, train acc anomaly: 0.435937, train avg acc anomaly: 0.129205
Train 15, loss: 2.805664, train acc class: 0.901563, train avg acc class: 0.862772, train acc anomaly: 0.428906, train avg acc anomaly: 0.135341
Train 16, loss: 2.701383, train acc class: 0.925000, train avg acc class: 0.881586, train acc anomaly: 0.442188, train avg acc anomaly: 0.124910
Train 17, loss: 2.690701, train acc class: 0.935937, train avg acc class: 0.906089, train acc anomaly: 0.429688, train avg acc anomaly: 0.132683
Train 18, loss: 2.761428, train acc class: 0.917188, train avg acc class: 0.886112, train acc anomaly: 0.415625, train avg acc anomaly: 0.137017
Train 19, loss: 2.655339, train acc class: 0.935156, train avg acc class: 0.884708, train acc anomaly: 0.442188, train avg acc anomaly: 0.155252
Train 20, loss: 2.647682, train acc class: 0.942187, train avg acc class: 0.920760, train acc anomaly: 0.436719, train avg acc anomaly: 0.141647
Train 21, loss: 2.698711, train acc class: 0.935156, train avg acc class: 0.919242, train acc anomaly: 0.432812, train avg acc anomaly: 0.136095
Train 22, loss: 2.603586, train acc class: 0.958594, train avg acc class: 0.947861, train acc anomaly: 0.433594, train avg acc anomaly: 0.157613
Train 23, loss: 2.626603, train acc class: 0.961719, train avg acc class: 0.948793, train acc anomaly: 0.428906, train avg acc anomaly: 0.149304
Train 24, loss: 2.662395, train acc class: 0.947656, train avg acc class: 0.930872, train acc anomaly: 0.416406, train avg acc anomaly: 0.137452
Train 25, loss: 2.569793, train acc class: 0.969531, train avg acc class: 0.955795, train acc anomaly: 0.440625, train avg acc anomaly: 0.166750
Train 26, loss: 2.571778, train acc class: 0.974219, train avg acc class: 0.959373, train acc anomaly: 0.412500, train avg acc anomaly: 0.152431
Train 27, loss: 2.608495, train acc class: 0.959375, train avg acc class: 0.946891, train acc anomaly: 0.432031, train avg acc anomaly: 0.146324
Train 28, loss: 2.533514, train acc class: 0.978906, train avg acc class: 0.973002, train acc anomaly: 0.444531, train avg acc anomaly: 0.177042
Train 29, loss: 2.562171, train acc class: 0.974219, train avg acc class: 0.970146, train acc anomaly: 0.420312, train avg acc anomaly: 0.144149
Train 0, loss: 4.456174, train acc class: 0.215745, train avg acc class: 0.113781, train acc anomaly: 0.370192, train avg acc anomaly: 0.129134
Train 1, loss: 3.993471, train acc class: 0.315505, train avg acc class: 0.186421, train acc anomaly: 0.409255, train avg acc anomaly: 0.126385
Train 2, loss: 3.864514, train acc class: 0.376202, train avg acc class: 0.264215, train acc anomaly: 0.413462, train avg acc anomaly: 0.125216
Train 3, loss: 3.660118, train acc class: 0.470553, train avg acc class: 0.354989, train acc anomaly: 0.423678, train avg acc anomaly: 0.125410
Train 4, loss: 3.578152, train acc class: 0.525240, train avg acc class: 0.406819, train acc anomaly: 0.426683, train avg acc anomaly: 0.125923
Train 5, loss: 3.447460, train acc class: 0.604567, train avg acc class: 0.502098, train acc anomaly: 0.415264, train avg acc anomaly: 0.123547
Train 6, loss: 3.371126, train acc class: 0.644832, train avg acc class: 0.564581, train acc anomaly: 0.420673, train avg acc anomaly: 0.124504
Train 7, loss: 3.288934, train acc class: 0.685697, train avg acc class: 0.622552, train acc anomaly: 0.427885, train avg acc anomaly: 0.126908
Train 8, loss: 3.175093, train acc class: 0.749399, train avg acc class: 0.673988, train acc anomaly: 0.418870, train avg acc anomaly: 0.122843
Train 9, loss: 3.156439, train acc class: 0.783053, train avg acc class: 0.724990, train acc anomaly: 0.426683, train avg acc anomaly: 0.135465
Train 10, loss: 3.005335, train acc class: 0.848558, train avg acc class: 0.807096, train acc anomaly: 0.438702, train avg acc anomaly: 0.131103
Train 11, loss: 3.058599, train acc class: 0.821514, train avg acc class: 0.780400, train acc anomaly: 0.429087, train avg acc anomaly: 0.126321
Train 12, loss: 2.986050, train acc class: 0.860577, train avg acc class: 0.825050, train acc anomaly: 0.416466, train avg acc anomaly: 0.127248
Train 13, loss: 2.961404, train acc class: 0.891226, train avg acc class: 0.851954, train acc anomaly: 0.427885, train avg acc anomaly: 0.124819
Train 14, loss: 2.925484, train acc class: 0.908654, train avg acc class: 0.893438, train acc anomaly: 0.430889, train avg acc anomaly: 0.126380
Train 15, loss: 2.844861, train acc class: 0.933894, train avg acc class: 0.918707, train acc anomaly: 0.429688, train avg acc anomaly: 0.129590
Train 16, loss: 2.913295, train acc class: 0.920673, train avg acc class: 0.903521, train acc anomaly: 0.415865, train avg acc anomaly: 0.126535
Train 17, loss: 2.803161, train acc class: 0.948317, train avg acc class: 0.926079, train acc anomaly: 0.421875, train avg acc anomaly: 0.125403
Train 18, loss: 2.840943, train acc class: 0.944712, train avg acc class: 0.932432, train acc anomaly: 0.413462, train avg acc anomaly: 0.124296
Train 19, loss: 2.771541, train acc class: 0.945913, train avg acc class: 0.942122, train acc anomaly: 0.446514, train avg acc anomaly: 0.132011
Train 20, loss: 2.779160, train acc class: 0.959736, train avg acc class: 0.952725, train acc anomaly: 0.410457, train avg acc anomaly: 0.130987
Train 21, loss: 2.751337, train acc class: 0.958534, train avg acc class: 0.948197, train acc anomaly: 0.424279, train avg acc anomaly: 0.138194
Train 22, loss: 2.733673, train acc class: 0.972356, train avg acc class: 0.961450, train acc anomaly: 0.424880, train avg acc anomaly: 0.127162
Train 23, loss: 2.784793, train acc class: 0.953726, train avg acc class: 0.940724, train acc anomaly: 0.419471, train avg acc anomaly: 0.135314
Train 24, loss: 2.690013, train acc class: 0.972957, train avg acc class: 0.965876, train acc anomaly: 0.436899, train avg acc anomaly: 0.157531
Train 25, loss: 2.742470, train acc class: 0.974159, train avg acc class: 0.962937, train acc anomaly: 0.413462, train avg acc anomaly: 0.125677
Train 26, loss: 2.685205, train acc class: 0.971154, train avg acc class: 0.963646, train acc anomaly: 0.422476, train avg acc anomaly: 0.161733
Train 27, loss: 2.679265, train acc class: 0.974760, train avg acc class: 0.965125, train acc anomaly: 0.432692, train avg acc anomaly: 0.139185
Train 28, loss: 2.674039, train acc class: 0.977764, train avg acc class: 0.968558, train acc anomaly: 0.411058, train avg acc anomaly: 0.137970
Train 29, loss: 2.653696, train acc class: 0.981370, train avg acc class: 0.977684, train acc anomaly: 0.420673, train avg acc anomaly: 0.136020
Train 0, loss: 4.644012, train acc class: 0.182292, train avg acc class: 0.101001, train acc anomaly: 0.347222, train avg acc anomaly: 0.130996
Train 1, loss: 4.097694, train acc class: 0.281250, train avg acc class: 0.155184, train acc anomaly: 0.411458, train avg acc anomaly: 0.128110
Train 2, loss: 4.000748, train acc class: 0.344618, train avg acc class: 0.205222, train acc anomaly: 0.400174, train avg acc anomaly: 0.121887
Train 3, loss: 3.871310, train acc class: 0.385417, train avg acc class: 0.255335, train acc anomaly: 0.417535, train avg acc anomaly: 0.128479
Train 4, loss: 3.644745, train acc class: 0.454861, train avg acc class: 0.326287, train acc anomaly: 0.429688, train avg acc anomaly: 0.127490
Train 5, loss: 3.584661, train acc class: 0.522569, train avg acc class: 0.398196, train acc anomaly: 0.421007, train avg acc anomaly: 0.126059
Train 6, loss: 3.473010, train acc class: 0.582465, train avg acc class: 0.455424, train acc anomaly: 0.428819, train avg acc anomaly: 0.127166
Train 7, loss: 3.357681, train acc class: 0.658854, train avg acc class: 0.561731, train acc anomaly: 0.418403, train avg acc anomaly: 0.134833
Train 8, loss: 3.244410, train acc class: 0.694444, train avg acc class: 0.582654, train acc anomaly: 0.416667, train avg acc anomaly: 0.126642
Train 9, loss: 3.209550, train acc class: 0.717014, train avg acc class: 0.617197, train acc anomaly: 0.423611, train avg acc anomaly: 0.126656
Train 10, loss: 3.186502, train acc class: 0.752604, train avg acc class: 0.683811, train acc anomaly: 0.420139, train avg acc anomaly: 0.136135
Train 11, loss: 3.078166, train acc class: 0.799479, train avg acc class: 0.729607, train acc anomaly: 0.408854, train avg acc anomaly: 0.128530
Train 12, loss: 3.008642, train acc class: 0.832465, train avg acc class: 0.771473, train acc anomaly: 0.424479, train avg acc anomaly: 0.132804
Train 13, loss: 3.035880, train acc class: 0.835069, train avg acc class: 0.798291, train acc anomaly: 0.414931, train avg acc anomaly: 0.136451
Train 14, loss: 2.993262, train acc class: 0.842882, train avg acc class: 0.786232, train acc anomaly: 0.429688, train avg acc anomaly: 0.134402
Train 15, loss: 2.896152, train acc class: 0.889757, train avg acc class: 0.845611, train acc anomaly: 0.426215, train avg acc anomaly: 0.128574
Train 16, loss: 2.921750, train acc class: 0.883681, train avg acc class: 0.858193, train acc anomaly: 0.420139, train avg acc anomaly: 0.138966
Train 17, loss: 2.908862, train acc class: 0.871528, train avg acc class: 0.833797, train acc anomaly: 0.441840, train avg acc anomaly: 0.157357
Train 18, loss: 2.797754, train acc class: 0.911458, train avg acc class: 0.870675, train acc anomaly: 0.434028, train avg acc anomaly: 0.149080
Train 19, loss: 2.840699, train acc class: 0.932292, train avg acc class: 0.911335, train acc anomaly: 0.410590, train avg acc anomaly: 0.154940
Train 20, loss: 2.894013, train acc class: 0.890625, train avg acc class: 0.856890, train acc anomaly: 0.422743, train avg acc anomaly: 0.154517
Train 21, loss: 2.767786, train acc class: 0.919271, train avg acc class: 0.907902, train acc anomaly: 0.446181, train avg acc anomaly: 0.157230
Train 22, loss: 2.775205, train acc class: 0.934896, train avg acc class: 0.919277, train acc anomaly: 0.422743, train avg acc anomaly: 0.146715
Train 23, loss: 2.807991, train acc class: 0.934896, train avg acc class: 0.905341, train acc anomaly: 0.406250, train avg acc anomaly: 0.145166
Train 24, loss: 2.693722, train acc class: 0.940972, train avg acc class: 0.916015, train acc anomaly: 0.447049, train avg acc anomaly: 0.167175
Train 25, loss: 2.682953, train acc class: 0.949653, train avg acc class: 0.930976, train acc anomaly: 0.426215, train avg acc anomaly: 0.170316
Train 26, loss: 2.676158, train acc class: 0.956597, train avg acc class: 0.938870, train acc anomaly: 0.423611, train avg acc anomaly: 0.165662
Train 27, loss: 2.723350, train acc class: 0.947049, train avg acc class: 0.940134, train acc anomaly: 0.429688, train avg acc anomaly: 0.189224
Train 28, loss: 2.611871, train acc class: 0.964410, train avg acc class: 0.954830, train acc anomaly: 0.448785, train avg acc anomaly: 0.232236
Train 29, loss: 2.635761, train acc class: 0.967014, train avg acc class: 0.952749, train acc anomaly: 0.438368, train avg acc anomaly: 0.183015
Train 0, loss: 3.746318, train acc class: 0.464761, train avg acc class: 0.354076, train acc anomaly: 0.408162, train avg acc anomaly: 0.126726
Train 1, loss: 3.075154, train acc class: 0.819648, train avg acc class: 0.771479, train acc anomaly: 0.421626, train avg acc anomaly: 0.128283
Train 2, loss: 2.837272, train acc class: 0.930436, train avg acc class: 0.915070, train acc anomaly: 0.420047, train avg acc anomaly: 0.133537
Train 3, loss: 2.720548, train acc class: 0.963763, train avg acc class: 0.952150, train acc anomaly: 0.426446, train avg acc anomaly: 0.150346
Train 4, loss: 2.648989, train acc class: 0.976147, train avg acc class: 0.968828, train acc anomaly: 0.426779, train avg acc anomaly: 0.165258
Train 5, loss: 2.589504, train acc class: 0.980884, train avg acc class: 0.975695, train acc anomaly: 0.427610, train avg acc anomaly: 0.184667
Train 6, loss: 2.536111, train acc class: 0.984874, train avg acc class: 0.980072, train acc anomaly: 0.423953, train avg acc anomaly: 0.200842
Train 7, loss: 2.504860, train acc class: 0.989611, train avg acc class: 0.986120, train acc anomaly: 0.431184, train avg acc anomaly: 0.213886
Train 0, loss: 3.758217, train acc class: 0.464262, train avg acc class: 0.354662, train acc anomaly: 0.415475, train avg acc anomaly: 0.130971
Train 0, loss: 3.778467, train acc class: 0.452626, train avg acc class: 0.339402, train acc anomaly: 0.419465, train avg acc anomaly: 0.127482
Validation 0, loss: 0.085744, val acc class: 0.822266, val avg acc class: 0.806983, val acc anomaly: 0.426563, val avg acc anomaly: 0.126365
Train 1, loss: 3.047009, train acc class: 0.831865, train avg acc class: 0.792856, train acc anomaly: 0.430685, train avg acc anomaly: 0.129057
Train 0, loss: 3.771061, train acc class: 46.74%, train avg acc class: 35.94%, train acc anomaly: 40.60%, train avg acc anomaly: 12.49%
Validation 0, loss: 0.077243, val acc class: 85.31%, val avg acc class: 84.02%, val acc anomaly: 44.10%, val avg acc anomaly: 12.45%
Train 1, loss: 3.017671, train acc class: 84.86%, train avg acc class: 80.85%, train acc anomaly: 42.98%, train avg acc anomaly: 12.84%
Train 2, loss: 2.794081, train acc class: 94.07%, train avg acc class: 92.39%, train acc anomaly: 41.85%, train avg acc anomaly: 13.45%
Validation 2, loss: 0.066027, val acc class: 97.62%, val avg acc class: 95.34%, val acc anomaly: 44.14%, val avg acc anomaly: 13.20%
Train 3, loss: 2.695706, train acc class: 96.78%, train avg acc class: 95.79%, train acc anomaly: 42.20%, train avg acc anomaly: 14.67%
Train 4, loss: 2.633414, train acc class: 97.57%, train avg acc class: 96.84%, train acc anomaly: 41.83%, train avg acc anomaly: 16.28%
Validation 4, loss: 0.062037, val acc class: 99.34%, val avg acc class: 99.73%, val acc anomaly: 44.06%, val avg acc anomaly: 21.33%
Train 5, loss: 2.573708, train acc class: 98.20%, train avg acc class: 97.61%, train acc anomaly: 42.25%, train avg acc anomaly: 18.53%
Train 6, loss: 2.525281, train acc class: 98.95%, train avg acc class: 98.61%, train acc anomaly: 43.29%, train avg acc anomaly: 21.29%
Validation 6, loss: 0.060485, val acc class: 99.69%, val avg acc class: 99.92%, val acc anomaly: 43.40%, val avg acc anomaly: 27.17%
Train 7, loss: 2.497853, train acc class: 99.09%, train avg acc class: 98.72%, train acc anomaly: 43.23%, train avg acc anomaly: 22.62%
Train 8, loss: 2.460326, train acc class: 99.11%, train avg acc class: 98.78%, train acc anomaly: 43.74%, train avg acc anomaly: 22.82%
Validation 8, loss: 0.059684, val acc class: 99.57%, val avg acc class: 99.90%, val acc anomaly: 42.50%, val avg acc anomaly: 28.75%
Train 9, loss: 2.432530, train acc class: 99.34%, train avg acc class: 99.08%, train acc anomaly: 44.14%, train avg acc anomaly: 23.65%
Train 10, loss: 2.393793, train acc class: 99.50%, train avg acc class: 99.20%, train acc anomaly: 44.30%, train avg acc anomaly: 25.46%
Validation 10, loss: 0.057189, val acc class: 99.57%, val avg acc class: 99.90%, val acc anomaly: 41.02%, val avg acc anomaly: 37.82%
Train 0, loss: 1.824964, train acc class: 32.86%, train avg acc class: 22.18%, train acc anomaly: 41.10%, train avg acc anomaly: 12.31%
Validation 0, loss: 0.085016, val acc class: 61.45%, val avg acc class: 48.18%, val acc anomaly: 45.51%, val avg acc anomaly: 12.77%
Train 0, loss: 1.835088, train acc class: 31.78%, train avg acc class: 20.03%, train acc anomaly: 41.54%, train avg acc anomaly: 12.54%
Validation 0, loss: 0.088889, val acc class: 55.62%, val avg acc class: 50.13%, val acc anomaly: 44.14%, val avg acc anomaly: 12.76%
Train 1, loss: 1.610455, train acc class: 60.86%, train avg acc class: 50.17%, train acc anomaly: 43.22%, train avg acc anomaly: 12.61%
Train 2, loss: 1.496682, train acc class: 77.36%, train avg acc class: 70.79%, train acc anomaly: 43.39%, train avg acc anomaly: 13.42%
Train 0, loss: 2.287179, train acc class: 6.77%, train avg acc class: 5.39%, train acc anomaly: 29.77%, train avg acc anomaly: 10.24%
Validation 0, loss: 1.200948, val acc class: 2.73%, val avg acc class: 4.82%, val acc anomaly: 41.02%, val avg acc anomaly: 12.50%
Train 1, loss: 1.974995, train acc class: 19.36%, train avg acc class: 12.24%, train acc anomaly: 42.97%, train avg acc anomaly: 12.20%
Train 2, loss: 1.886616, train acc class: 26.22%, train avg acc class: 14.59%, train acc anomaly: 40.36%, train avg acc anomaly: 12.97%
Train 3, loss: 1.820434, train acc class: 32.20%, train avg acc class: 18.81%, train acc anomaly: 44.62%, train avg acc anomaly: 13.65%
Train 0, loss: 5.423253, train acc class: 42.30%, train avg acc class: 32.69%, train acc anomaly: 39.86%, train avg acc anomaly: 12.55%
Validation 0, loss: 0.081874, val acc class: 76.56%, val avg acc class: 71.45%, val acc anomaly: 44.22%, val avg acc anomaly: 12.69%
Train 1, loss: 4.650907, train acc class: 78.55%, train avg acc class: 73.43%, train acc anomaly: 40.89%, train avg acc anomaly: 13.00%
Train 2, loss: 4.376016, train acc class: 90.53%, train avg acc class: 88.78%, train acc anomaly: 40.26%, train avg acc anomaly: 13.57%
Train 3, loss: 4.191427, train acc class: 94.60%, train avg acc class: 93.38%, train acc anomaly: 41.92%, train avg acc anomaly: 15.98%
Train 4, loss: 4.101698, train acc class: 95.55%, train avg acc class: 94.60%, train acc anomaly: 41.31%, train avg acc anomaly: 17.51%
Train 5, loss: 4.043847, train acc class: 96.69%, train avg acc class: 96.01%, train acc anomaly: 40.94%, train avg acc anomaly: 19.54%
Validation 5, loss: 0.065644, val acc class: 98.48%, val avg acc class: 98.93%, val acc anomaly: 44.22%, val avg acc anomaly: 17.16%
Train 0, loss: 5.519520, train acc class: 37.94%, train avg acc class: 26.99%, train acc anomaly: 40.18%, train avg acc anomaly: 12.30%
Validation 0, loss: 0.081430, val acc class: 68.67%, val avg acc class: 60.30%, val acc anomaly: 44.22%, val avg acc anomaly: 12.50%
Train 1, loss: 4.759143, train acc class: 72.18%, train avg acc class: 65.87%, train acc anomaly: 40.60%, train avg acc anomaly: 12.91%
Train 2, loss: 4.427704, train acc class: 88.39%, train avg acc class: 86.62%, train acc anomaly: 41.11%, train avg acc anomaly: 13.75%
Train 3, loss: 4.213611, train acc class: 93.44%, train avg acc class: 92.12%, train acc anomaly: 41.43%, train avg acc anomaly: 14.82%
Train 4, loss: 4.128518, train acc class: 95.32%, train avg acc class: 94.62%, train acc anomaly: 42.04%, train avg acc anomaly: 16.83%
Train 5, loss: 4.019918, train acc class: 96.14%, train avg acc class: 95.32%, train acc anomaly: 41.70%, train avg acc anomaly: 18.43%
Validation 5, loss: 0.062987, val acc class: 95.08%, val avg acc class: 97.81%, val acc anomaly: 38.95%, val avg acc anomaly: 16.78%
